
> client@0.1.0 start
> react-scripts start

sh: react-scripts: command not found

> client@0.1.0 start
> react-scripts start

[34mℹ[39m [90m｢wds｣[39m: Project is running at http://172.29.95.33/
[34mℹ[39m [90m｢wds｣[39m: webpack output is served from 
[34mℹ[39m [90m｢wds｣[39m: Content not from webpack is served from /Users/huntersze/Desktop/github/user-profile-system/client/public
[34mℹ[39m [90m｢wds｣[39m: 404s will fallback to /
Starting the development server...

Browserslist: caniuse-lite is outdated. Please run:
npx browserslist@latest --update-db

Why you should do it regularly:
https://github.com/browserslist/browserslist#browsers-data-updating
Compiled with warnings.

src/pages/adminUser/UserList.js
  Line 23:20:  'setUserRole' is assigned a value but never used                                                             no-unused-vars
  Line 101:6:  React Hook useEffect has a missing dependency: 'userRole'. Either include it or remove the dependency array  react-hooks/exhaustive-deps

src/pages/user/User.js
  Line 45:6:  React Hook useEffect has a missing dependency: 'token'. Either include it or remove the dependency array  react-hooks/exhaustive-deps

Search for the keywords to learn more about each warning.
To ignore, add // eslint-disable-next-line to the line before.


> client@0.1.0 start /Users/huntersze/Desktop/github/user-profile-system/client
> react-scripts start

[34mℹ[39m [90m｢wds｣[39m: Project is running at http://172.29.95.33/
[34mℹ[39m [90m｢wds｣[39m: webpack output is served from 
[34mℹ[39m [90m｢wds｣[39m: Content not from webpack is served from /Users/huntersze/Desktop/github/user-profile-system/client/public
[34mℹ[39m [90m｢wds｣[39m: 404s will fallback to /
Starting the development server...

Browserslist: caniuse-lite is outdated. Please run:
npx browserslist@latest --update-db

Why you should do it regularly:
https://github.com/browserslist/browserslist#browsers-data-updating
Compiled with warnings.

src/pages/adminUser/UserList.js
  Line 23:20:  'setUserRole' is assigned a value but never used                                                             no-unused-vars
  Line 101:6:  React Hook useEffect has a missing dependency: 'userRole'. Either include it or remove the dependency array  react-hooks/exhaustive-deps

src/pages/user/User.js
  Line 45:6:  React Hook useEffect has a missing dependency: 'token'. Either include it or remove the dependency array  react-hooks/exhaustive-deps

Search for the keywords to learn more about each warning.
To ignore, add // eslint-disable-next-line to the line before.

Failed to compile.

./src/config/index.js
Error: ENOENT: no such file or directory, open '/Users/huntersze/Desktop/github/user-profile-system/client/src/config/index.js'
Compiling...
Compiled with warnings.

src/pages/adminUser/UserList.js
  Line 23:20:  'setUserRole' is assigned a value but never used                                                             no-unused-vars
  Line 101:6:  React Hook useEffect has a missing dependency: 'userRole'. Either include it or remove the dependency array  react-hooks/exhaustive-deps

src/pages/user/User.js
  Line 45:6:  React Hook useEffect has a missing dependency: 'token'. Either include it or remove the dependency array  react-hooks/exhaustive-deps

Search for the keywords to learn more about each warning.
To ignore, add // eslint-disable-next-line to the line before.

Compiling...
Compiled with warnings.

src/pages/adminUser/UserList.js
  Line 23:20:  'setUserRole' is assigned a value but never used                                                             no-unused-vars
  Line 101:6:  React Hook useEffect has a missing dependency: 'userRole'. Either include it or remove the dependency array  react-hooks/exhaustive-deps

src/pages/user/User.js
  Line 45:6:  React Hook useEffect has a missing dependency: 'token'. Either include it or remove the dependency array  react-hooks/exhaustive-deps

Search for the keywords to learn more about each warning.
To ignore, add // eslint-disable-next-line to the line before.

